2024-12-17 18:57:26,533 - INFO - Chroma 벡터스토어 초기화 완료.
2024-12-17 18:57:26,533 - INFO - PubMed 검색 시작: probiotics blood pressure
2024-12-17 18:57:32,860 - INFO - PMID: 39611544의 초록을 Chroma에 업서트했습니다.
2024-12-17 18:57:33,418 - INFO - PMID: 39546851의 초록을 Chroma에 업서트했습니다.
2024-12-17 18:57:34,045 - INFO - PMID: 39508089의 초록을 Chroma에 업서트했습니다.
2024-12-17 18:57:34,686 - INFO - PMID: 39497887의 초록을 Chroma에 업서트했습니다.
2024-12-17 18:57:49,254 - INFO - PMID: 39471704의 초록을 Chroma에 업서트했습니다.
2024-12-17 18:57:49,254 - INFO - PubMed 검색 시작: probiotics blood sugar
2024-12-17 18:57:51,557 - INFO - PMID: 39640632의 초록을 Chroma에 업서트했습니다.
2024-12-17 18:57:52,232 - INFO - PMID: 39631890의 초록을 Chroma에 업서트했습니다.
2024-12-17 18:57:52,756 - INFO - PMID: 39623123의 초록을 Chroma에 업서트했습니다.
2024-12-17 18:57:53,227 - INFO - PMID: 39618097의 초록을 Chroma에 업서트했습니다.
2024-12-17 18:57:53,838 - INFO - PMID: 39617095의 초록을 Chroma에 업서트했습니다.
2024-12-17 18:57:53,838 - INFO - PubMed 검색 시작: probiotics BMI
2024-12-17 18:57:55,306 - INFO - PMID: 39642126의 초록을 Chroma에 업서트했습니다.
2024-12-17 18:57:55,623 - INFO - PMID: 39599626의 초록을 Chroma에 업서트했습니다.
2024-12-17 18:57:56,151 - INFO - PMID: 39594072의 초록을 Chroma에 업서트했습니다.
2024-12-17 18:57:56,652 - INFO - PMID: 39574069의 초록을 Chroma에 업서트했습니다.
2024-12-17 18:57:57,277 - INFO - PMID: 39570024의 초록을 Chroma에 업서트했습니다.
2024-12-17 18:57:57,277 - INFO - PubMed 검색 시작: probiotics cholesterol
2024-12-17 18:57:58,795 - INFO - PMID: 39678637의 초록을 Chroma에 업서트했습니다.
2024-12-17 18:57:59,384 - INFO - PMID: 39672256의 초록을 Chroma에 업서트했습니다.
2024-12-17 18:57:59,973 - INFO - PMID: 39664910의 초록을 Chroma에 업서트했습니다.
2024-12-17 18:58:00,319 - INFO - PMID: 39658176의 초록을 Chroma에 업서트했습니다.
2024-12-17 18:58:00,633 - INFO - PMID: 39640545의 초록을 Chroma에 업서트했습니다.
2024-12-17 18:58:00,633 - INFO - PubMed 검색 시작: probiotics gastric endoscopy
2024-12-17 18:58:02,043 - INFO - PMID: 38411876의 초록을 Chroma에 업서트했습니다.
2024-12-17 18:58:02,649 - INFO - PMID: 38223245의 초록을 Chroma에 업서트했습니다.
2024-12-17 18:58:03,006 - INFO - PMID: 37452811의 초록을 Chroma에 업서트했습니다.
2024-12-17 18:58:03,302 - INFO - PMID: 37421306의 초록을 Chroma에 업서트했습니다.
2024-12-17 18:58:03,897 - INFO - PMID: 37317096의 초록을 Chroma에 업서트했습니다.
2024-12-17 18:58:03,897 - INFO - PubMed 검색 시작: probiotics colonoscopy polyps
2024-12-17 18:58:05,343 - INFO - PMID: 35060523의 초록을 Chroma에 업서트했습니다.
2024-12-17 18:58:05,687 - INFO - PMID: 33917556의 초록을 Chroma에 업서트했습니다.
2024-12-17 18:58:06,155 - INFO - PMID: 33066237의 초록을 Chroma에 업서트했습니다.
2024-12-17 18:58:06,488 - INFO - PMID: 32077397의 초록을 Chroma에 업서트했습니다.
2024-12-17 18:58:06,841 - INFO - PMID: 25025467의 초록을 Chroma에 업서트했습니다.
2024-12-17 18:58:06,841 - INFO - PubMed 검색 시작: probiotics liver function test
2024-12-17 18:58:08,185 - INFO - PMID: 39635825의 초록을 Chroma에 업서트했습니다.
2024-12-17 18:58:08,705 - INFO - PMID: 39423218의 초록을 Chroma에 업서트했습니다.
2024-12-17 18:58:09,123 - INFO - PMID: 39362714의 초록을 Chroma에 업서트했습니다.
2024-12-17 18:58:09,423 - INFO - PMID: 39320540의 초록을 Chroma에 업서트했습니다.
2024-12-17 18:58:16,173 - INFO - PMID: 39234246의 초록을 Chroma에 업서트했습니다.
2024-12-17 18:58:16,173 - INFO - PubMed 검색 시작: probiotics mammography
2024-12-17 18:58:17,456 - INFO - probiotics mammography에 대한 PMID를 찾을 수 없습니다.
2024-12-17 18:58:17,456 - INFO - PubMed 검색 시작: omega-3 blood pressure
2024-12-17 18:58:18,934 - INFO - PMID: 39515560의 초록을 Chroma에 업서트했습니다.
2024-12-17 18:58:19,293 - INFO - PMID: 39470212의 초록을 Chroma에 업서트했습니다.
2024-12-17 18:58:29,883 - INFO - PMID: 39457686의 초록을 Chroma에 업서트했습니다.
2024-12-17 18:58:30,394 - INFO - PMID: 39403396의 초록을 Chroma에 업서트했습니다.
2024-12-17 18:58:30,394 - INFO - PubMed 검색 시작: omega-3 blood sugar
2024-12-17 18:58:32,087 - INFO - PMID: 39519588의 초록을 Chroma에 업서트했습니다.
2024-12-17 18:58:32,588 - INFO - PMID: 39505265의 초록을 Chroma에 업서트했습니다.
2024-12-17 18:58:32,904 - INFO - PMID: 39488682의 초록을 Chroma에 업서트했습니다.
2024-12-17 18:58:33,235 - INFO - PMID: 39436201의 초록을 Chroma에 업서트했습니다.
2024-12-17 18:58:50,258 - INFO - PMID: 39403396의 초록을 Chroma에 업서트했습니다.
2024-12-17 18:58:50,259 - INFO - PubMed 검색 시작: omega-3 BMI
2024-12-17 18:58:52,919 - INFO - PMID: 39657964의 초록을 Chroma에 업서트했습니다.
2024-12-17 18:58:53,169 - INFO - PMID: 39654452의 초록을 Chroma에 업서트했습니다.
2024-12-17 18:58:53,488 - INFO - PMID: 39643480의 초록을 Chroma에 업서트했습니다.
2024-12-17 18:58:53,970 - INFO - PMID: 39639361의 초록을 Chroma에 업서트했습니다.
2024-12-17 18:58:54,322 - INFO - PMID: 39599746의 초록을 Chroma에 업서트했습니다.
2024-12-17 18:58:54,322 - INFO - PubMed 검색 시작: omega-3 cholesterol
2024-12-17 18:58:55,625 - INFO - PMID: 39620015의 초록을 Chroma에 업서트했습니다.
2024-12-17 18:58:56,099 - INFO - PMID: 39606856의 초록을 Chroma에 업서트했습니다.
2024-12-17 18:58:56,380 - INFO - PMID: 39603183의 초록을 Chroma에 업서트했습니다.
2024-12-17 18:58:56,821 - INFO - PMID: 39598230의 초록을 Chroma에 업서트했습니다.
2024-12-17 18:58:57,141 - INFO - PMID: 39595392의 초록을 Chroma에 업서트했습니다.
2024-12-17 18:58:57,141 - INFO - PubMed 검색 시작: omega-3 gastric endoscopy
2024-12-17 18:58:58,408 - INFO - PMID: 33026250의 초록을 Chroma에 업서트했습니다.
2024-12-17 18:58:58,738 - INFO - PMID: 32280083의 초록을 Chroma에 업서트했습니다.
2024-12-17 18:58:59,098 - INFO - PMID: 30888593의 초록을 Chroma에 업서트했습니다.
2024-12-17 18:58:59,504 - INFO - PMID: 30459098의 초록을 Chroma에 업서트했습니다.
2024-12-17 18:58:59,909 - INFO - PMID: 28659302의 초록을 Chroma에 업서트했습니다.
2024-12-17 18:58:59,910 - INFO - PubMed 검색 시작: omega-3 colonoscopy polyps
2024-12-17 18:59:01,591 - INFO - PMID: 38879016의 초록을 Chroma에 업서트했습니다.
2024-12-17 18:59:02,022 - INFO - PMID: 38823349의 초록을 Chroma에 업서트했습니다.
2024-12-17 18:59:02,484 - INFO - PMID: 37756582의 초록을 Chroma에 업서트했습니다.
2024-12-17 18:59:02,922 - INFO - PMID: 37003144의 초록을 Chroma에 업서트했습니다.
2024-12-17 18:59:03,280 - INFO - PMID: 32062040의 초록을 Chroma에 업서트했습니다.
2024-12-17 18:59:03,280 - INFO - PubMed 검색 시작: omega-3 liver function test
2024-12-17 18:59:04,800 - INFO - PMID: 39581180의 초록을 Chroma에 업서트했습니다.
2024-12-17 18:59:05,081 - INFO - PMID: 39532829의 초록을 Chroma에 업서트했습니다.
2024-12-17 18:59:05,416 - INFO - PMID: 39351184의 초록을 Chroma에 업서트했습니다.
2024-12-17 18:59:05,770 - INFO - PMID: 39119479의 초록을 Chroma에 업서트했습니다.
2024-12-17 18:59:06,085 - INFO - PMID: 38501107의 초록을 Chroma에 업서트했습니다.
2024-12-17 18:59:06,085 - INFO - PubMed 검색 시작: omega-3 mammography
2024-12-17 18:59:07,194 - INFO - PMID: 31628875의 초록을 Chroma에 업서트했습니다.
2024-12-17 18:59:07,538 - INFO - PMID: 30776745의 초록을 Chroma에 업서트했습니다.
2024-12-17 18:59:08,010 - INFO - PMID: 28033525의 초록을 Chroma에 업서트했습니다.
2024-12-17 18:59:08,326 - INFO - PMID: 26875446의 초록을 Chroma에 업서트했습니다.
2024-12-17 18:59:08,666 - INFO - PMID: 26714774의 초록을 Chroma에 업서트했습니다.
2024-12-17 18:59:08,666 - INFO - PubMed 검색 시작: green tea extract blood pressure
2024-12-17 18:59:09,967 - INFO - PMID: 39653104의 초록을 Chroma에 업서트했습니다.
2024-12-17 18:59:10,361 - INFO - PMID: 39437887의 초록을 Chroma에 업서트했습니다.
2024-12-17 18:59:10,854 - INFO - PMID: 39014963의 초록을 Chroma에 업서트했습니다.
2024-12-17 18:59:11,293 - INFO - PMID: 38552420의 초록을 Chroma에 업서트했습니다.
2024-12-17 18:59:11,293 - INFO - PubMed 검색 시작: green tea extract blood sugar
2024-12-17 18:59:12,723 - INFO - PMID: 39570048의 초록을 Chroma에 업서트했습니다.
2024-12-17 18:59:13,004 - INFO - PMID: 39568571의 초록을 Chroma에 업서트했습니다.
2024-12-17 18:59:13,466 - INFO - PMID: 39333622의 초록을 Chroma에 업서트했습니다.
2024-12-17 18:59:13,936 - INFO - PMID: 39332361의 초록을 Chroma에 업서트했습니다.
2024-12-17 18:59:14,293 - INFO - PMID: 39305674의 초록을 Chroma에 업서트했습니다.
2024-12-17 18:59:14,294 - INFO - PubMed 검색 시작: green tea extract BMI
2024-12-17 18:59:15,593 - INFO - PMID: 38878905의 초록을 Chroma에 업서트했습니다.
2024-12-17 18:59:17,747 - INFO - PMID: 38434477의 초록을 Chroma에 업서트했습니다.
2024-12-17 18:59:18,223 - INFO - PMID: 38413668의 초록을 Chroma에 업서트했습니다.
2024-12-17 18:59:18,506 - INFO - PMID: 38031409의 초록을 Chroma에 업서트했습니다.
2024-12-17 18:59:18,804 - INFO - PMID: 37686725의 초록을 Chroma에 업서트했습니다.
2024-12-17 18:59:18,805 - INFO - PubMed 검색 시작: green tea extract cholesterol
2024-12-17 18:59:20,581 - INFO - PMID: 39636766의 초록을 Chroma에 업서트했습니다.
2024-12-17 18:59:20,886 - INFO - PMID: 39570048의 초록을 Chroma에 업서트했습니다.
2024-12-17 18:59:21,229 - INFO - PMID: 39363261의 초록을 Chroma에 업서트했습니다.
2024-12-17 18:59:21,592 - INFO - PMID: 39258617의 초록을 Chroma에 업서트했습니다.
2024-12-17 18:59:22,016 - INFO - PMID: 39246047의 초록을 Chroma에 업서트했습니다.
2024-12-17 18:59:22,016 - INFO - PubMed 검색 시작: green tea extract gastric endoscopy
2024-12-17 18:59:22,348 - INFO - green tea extract gastric endoscopy에 대한 PMID를 찾을 수 없습니다.
2024-12-17 18:59:22,348 - INFO - PubMed 검색 시작: green tea extract colonoscopy polyps
2024-12-17 18:59:23,416 - INFO - PMID: 28209333의 초록을 Chroma에 업서트했습니다.
2024-12-17 18:59:23,745 - INFO - PMID: 21851602의 초록을 Chroma에 업서트했습니다.
2024-12-17 18:59:24,198 - INFO - PMID: 18990744의 초록을 Chroma에 업서트했습니다.
2024-12-17 18:59:24,198 - INFO - PubMed 검색 시작: green tea extract liver function test
2024-12-17 18:59:25,653 - INFO - PMID: 38630029의 초록을 Chroma에 업서트했습니다.
2024-12-17 18:59:26,652 - INFO - PMID: 34826597의 초록을 Chroma에 업서트했습니다.
2024-12-17 18:59:26,984 - INFO - PMID: 34817356의 초록을 Chroma에 업서트했습니다.
2024-12-17 18:59:27,332 - INFO - PMID: 33312340의 초록을 Chroma에 업서트했습니다.
2024-12-17 18:59:28,003 - INFO - PMID: 32140423의 초록을 Chroma에 업서트했습니다.
2024-12-17 18:59:28,004 - INFO - PubMed 검색 시작: green tea extract mammography
2024-12-17 18:59:32,097 - INFO - PMID: 28904061의 초록을 Chroma에 업서트했습니다.
2024-12-17 18:59:32,389 - INFO - PMID: 26206423의 초록을 Chroma에 업서트했습니다.
2024-12-17 18:59:32,675 - INFO - PMID: 21538855의 초록을 Chroma에 업서트했습니다.
2024-12-17 18:59:32,675 - INFO - PubMed 검색 시작: milk thistle blood pressure
2024-12-17 18:59:34,515 - INFO - PMID: 39158031의 초록을 Chroma에 업서트했습니다.
2024-12-17 18:59:34,897 - INFO - PMID: 37974616의 초록을 Chroma에 업서트했습니다.
2024-12-17 18:59:35,226 - INFO - PMID: 36056206의 초록을 Chroma에 업서트했습니다.
2024-12-17 18:59:35,555 - INFO - PMID: 34567218의 초록을 Chroma에 업서트했습니다.
2024-12-17 18:59:37,763 - INFO - PMID: 32599946의 초록을 Chroma에 업서트했습니다.
2024-12-17 18:59:37,763 - INFO - PubMed 검색 시작: milk thistle blood sugar
2024-12-17 18:59:39,590 - INFO - PMID: 38801454의 초록을 Chroma에 업서트했습니다.
2024-12-17 18:59:40,042 - INFO - PMID: 38726421의 초록을 Chroma에 업서트했습니다.
2024-12-17 18:59:40,459 - INFO - PMID: 38590886의 초록을 Chroma에 업서트했습니다.
2024-12-17 18:59:40,932 - INFO - PMID: 38396547의 초록을 Chroma에 업서트했습니다.
2024-12-17 18:59:41,247 - INFO - PMID: 37974616의 초록을 Chroma에 업서트했습니다.
2024-12-17 18:59:41,247 - INFO - PubMed 검색 시작: milk thistle BMI
2024-12-17 18:59:42,497 - INFO - PMID: 39012843의 초록을 Chroma에 업서트했습니다.
2024-12-17 18:59:42,845 - INFO - PMID: 36778595의 초록을 Chroma에 업서트했습니다.
2024-12-17 18:59:43,305 - INFO - PMID: 35651885의 초록을 Chroma에 업서트했습니다.
2024-12-17 18:59:43,962 - INFO - PMID: 33520810의 초록을 Chroma에 업서트했습니다.
2024-12-17 18:59:44,242 - INFO - PMID: 29068700의 초록을 Chroma에 업서트했습니다.
2024-12-17 18:59:44,242 - INFO - PubMed 검색 시작: milk thistle cholesterol
2024-12-17 18:59:45,608 - INFO - PMID: 39351086의 초록을 Chroma에 업서트했습니다.
2024-12-17 18:59:46,298 - INFO - PMID: 39079329의 초록을 Chroma에 업서트했습니다.
2024-12-17 18:59:46,596 - INFO - PMID: 38997768의 초록을 Chroma에 업서트했습니다.
2024-12-17 18:59:47,063 - INFO - PMID: 38801454의 초록을 Chroma에 업서트했습니다.
2024-12-17 18:59:47,363 - INFO - PMID: 38590886의 초록을 Chroma에 업서트했습니다.
2024-12-17 18:59:47,363 - INFO - PubMed 검색 시작: milk thistle gastric endoscopy
2024-12-17 18:59:47,690 - INFO - milk thistle gastric endoscopy에 대한 PMID를 찾을 수 없습니다.
2024-12-17 18:59:47,691 - INFO - PubMed 검색 시작: milk thistle colonoscopy polyps
2024-12-17 18:59:48,863 - INFO - PMID: 23885143의 초록을 Chroma에 업서트했습니다.
2024-12-17 18:59:48,863 - INFO - PubMed 검색 시작: milk thistle liver function test
2024-12-17 18:59:50,158 - INFO - PMID: 39110237의 초록을 Chroma에 업서트했습니다.
2024-12-17 18:59:53,718 - INFO - PMID: 38726421의 초록을 Chroma에 업서트했습니다.
2024-12-17 18:59:54,156 - INFO - PMID: 38579127의 초록을 Chroma에 업서트했습니다.
2024-12-17 18:59:54,572 - INFO - PMID: 38239768의 초록을 Chroma에 업서트했습니다.
2024-12-17 18:59:55,123 - INFO - PMID: 38089157의 초록을 Chroma에 업서트했습니다.
2024-12-17 18:59:55,123 - INFO - PubMed 검색 시작: milk thistle mammography
2024-12-17 18:59:55,819 - INFO - milk thistle mammography에 대한 PMID를 찾을 수 없습니다.
2024-12-17 18:59:55,819 - INFO - PubMed 검색 시작: red yeast rice blood pressure
2024-12-17 18:59:57,111 - INFO - PMID: 38847159의 초록을 Chroma에 업서트했습니다.
2024-12-17 18:59:57,422 - INFO - PMID: 38812930의 초록을 Chroma에 업서트했습니다.
2024-12-17 18:59:57,702 - INFO - PMID: 35264949의 초록을 Chroma에 업서트했습니다.
2024-12-17 18:59:58,371 - INFO - PMID: 34587702의 초록을 Chroma에 업서트했습니다.
2024-12-17 18:59:59,129 - INFO - PMID: 34486702의 초록을 Chroma에 업서트했습니다.
2024-12-17 18:59:59,129 - INFO - PubMed 검색 시작: red yeast rice blood sugar
2024-12-17 19:00:00,476 - INFO - PMID: 39275298의 초록을 Chroma에 업서트했습니다.
2024-12-17 19:00:00,999 - INFO - PMID: 38900361의 초록을 Chroma에 업서트했습니다.
2024-12-17 19:00:13,233 - INFO - PMID: 36998136의 초록을 Chroma에 업서트했습니다.
2024-12-17 19:00:13,551 - INFO - PMID: 36839329의 초록을 Chroma에 업서트했습니다.
2024-12-17 19:00:13,848 - INFO - PMID: 36126782의 초록을 Chroma에 업서트했습니다.
2024-12-17 19:00:13,849 - INFO - PubMed 검색 시작: red yeast rice BMI
2024-12-17 19:00:15,264 - INFO - PMID: 37732047의 초록을 Chroma에 업서트했습니다.
2024-12-17 19:00:15,770 - INFO - PMID: 31371114의 초록을 Chroma에 업서트했습니다.
2024-12-17 19:00:16,091 - INFO - PMID: 31352663의 초록을 Chroma에 업서트했습니다.
2024-12-17 19:00:34,021 - INFO - PMID: 25001663의 초록을 Chroma에 업서트했습니다.
2024-12-17 19:00:34,533 - INFO - PMID: 23018482의 초록을 Chroma에 업서트했습니다.
2024-12-17 19:00:34,533 - INFO - PubMed 검색 시작: red yeast rice cholesterol
2024-12-17 19:00:36,380 - INFO - PMID: 39614370의 초록을 Chroma에 업서트했습니다.
2024-12-17 19:00:36,716 - INFO - PMID: 39563466의 초록을 Chroma에 업서트했습니다.
2024-12-17 19:00:37,055 - INFO - PMID: 39511729의 초록을 Chroma에 업서트했습니다.
2024-12-17 19:00:37,385 - INFO - PMID: 39433195의 초록을 Chroma에 업서트했습니다.
2024-12-17 19:00:37,727 - INFO - PMID: 39424254의 초록을 Chroma에 업서트했습니다.
2024-12-17 19:00:37,727 - INFO - PubMed 검색 시작: red yeast rice gastric endoscopy
2024-12-17 19:00:38,123 - INFO - red yeast rice gastric endoscopy에 대한 PMID를 찾을 수 없습니다.
2024-12-17 19:00:38,123 - INFO - PubMed 검색 시작: red yeast rice colonoscopy polyps
2024-12-17 19:00:38,453 - INFO - red yeast rice colonoscopy polyps에 대한 PMID를 찾을 수 없습니다.
2024-12-17 19:00:38,454 - INFO - PubMed 검색 시작: red yeast rice liver function test
2024-12-17 19:00:39,933 - INFO - PMID: 38089157의 초록을 Chroma에 업서트했습니다.
2024-12-17 19:00:40,297 - INFO - PMID: 36434733의 초록을 Chroma에 업서트했습니다.
2024-12-17 19:00:40,777 - INFO - PMID: 33066334의 초록을 Chroma에 업서트했습니다.
2024-12-17 19:00:41,217 - INFO - PMID: 33045618의 초록을 Chroma에 업서트했습니다.
2024-12-17 19:00:41,632 - INFO - PMID: 32896614의 초록을 Chroma에 업서트했습니다.
2024-12-17 19:00:41,632 - INFO - PubMed 검색 시작: red yeast rice mammography
2024-12-17 19:00:42,058 - INFO - red yeast rice mammography에 대한 PMID를 찾을 수 없습니다.
2024-12-17 19:00:42,059 - INFO - 모든 PubMed 데이터 업서트 완료.
2024-12-17 21:45:46,457 - INFO - 화이트리스트 로드 완료: ['probiotics', 'omega-3', 'magnesium', 'green tea extract', 'banana leaf extract', 'milk thistle', 'red yeast rice']
2024-12-17 21:45:46,592 - INFO - Chroma 벡터스토어 초기화 완료.
2024-12-17 21:45:46,592 - INFO - PubMed 검색 시작: probiotics blood pressure
2024-12-17 21:48:36,678 - INFO - 화이트리스트 로드 완료: ['probiotics', 'omega-3', 'magnesium', 'green tea extract', 'banana leaf extract', 'milk thistle', 'red yeast rice']
2024-12-17 21:48:36,830 - INFO - Chroma 벡터스토어 초기화 완료.
2024-12-17 21:48:36,830 - INFO - PubMed 검색 시작: probiotics blood pressure
2024-12-17 21:51:41,132 - INFO - 화이트리스트 로드 완료: ['probiotics', 'omega-3', 'magnesium', 'green tea extract', 'banana leaf extract', 'milk thistle', 'red yeast rice']
2024-12-17 21:51:41,266 - INFO - Chroma 벡터스토어 초기화 완료.
2024-12-17 21:51:41,266 - INFO - PubMed 검색 시작: probiotics blood pressure
2024-12-17 21:51:42,855 - INFO - 화이트리스트에 없는 논문 건너뜀: 제목 없음
2024-12-17 21:51:42,855 - INFO - 화이트리스트에 없는 논문 건너뜀: 제목 없음
2024-12-17 21:51:42,855 - INFO - 화이트리스트에 없는 논문 건너뜀: 제목 없음
2024-12-17 21:51:42,855 - INFO - 화이트리스트에 없는 논문 건너뜀: 제목 없음
2024-12-17 21:51:42,855 - INFO - 화이트리스트에 없는 논문 건너뜀: 제목 없음
2024-12-17 21:51:42,856 - INFO - PubMed 검색 시작: probiotics blood sugar
2024-12-17 21:51:43,664 - INFO - 화이트리스트에 없는 논문 건너뜀: 제목 없음
2024-12-17 21:51:43,664 - INFO - 화이트리스트에 없는 논문 건너뜀: 제목 없음
2024-12-17 21:51:43,665 - INFO - 화이트리스트에 없는 논문 건너뜀: 제목 없음
2024-12-17 21:51:43,665 - INFO - 화이트리스트에 없는 논문 건너뜀: 제목 없음
2024-12-17 21:51:43,665 - INFO - 화이트리스트에 없는 논문 건너뜀: 제목 없음
2024-12-17 21:51:43,665 - INFO - PubMed 검색 시작: probiotics BMI
2024-12-17 21:51:44,702 - INFO - 화이트리스트에 없는 논문 건너뜀: 제목 없음
2024-12-17 21:51:44,703 - INFO - 화이트리스트에 없는 논문 건너뜀: 제목 없음
2024-12-17 21:51:44,703 - INFO - 화이트리스트에 없는 논문 건너뜀: 제목 없음
2024-12-17 21:51:44,703 - INFO - 화이트리스트에 없는 논문 건너뜀: 제목 없음
2024-12-17 21:51:44,703 - INFO - 화이트리스트에 없는 논문 건너뜀: 제목 없음
2024-12-17 21:51:44,703 - INFO - PubMed 검색 시작: probiotics cholesterol
2024-12-17 21:51:45,376 - INFO - 화이트리스트에 없는 논문 건너뜀: 제목 없음
2024-12-17 21:51:45,377 - INFO - 화이트리스트에 없는 논문 건너뜀: 제목 없음
2024-12-17 21:51:45,377 - INFO - 화이트리스트에 없는 논문 건너뜀: 제목 없음
2024-12-17 21:51:45,377 - INFO - 화이트리스트에 없는 논문 건너뜀: 제목 없음
2024-12-17 21:51:45,377 - INFO - 화이트리스트에 없는 논문 건너뜀: 제목 없음
2024-12-17 21:51:45,377 - INFO - PubMed 검색 시작: probiotics gastric endoscopy
2024-12-17 21:51:46,040 - INFO - 화이트리스트에 없는 논문 건너뜀: 제목 없음
2024-12-17 21:51:46,040 - INFO - 화이트리스트에 없는 논문 건너뜀: 제목 없음
2024-12-17 21:51:46,040 - INFO - 화이트리스트에 없는 논문 건너뜀: 제목 없음
2024-12-17 21:51:46,041 - INFO - 화이트리스트에 없는 논문 건너뜀: 제목 없음
2024-12-17 21:51:46,041 - INFO - 화이트리스트에 없는 논문 건너뜀: 제목 없음
2024-12-17 21:51:46,041 - INFO - PubMed 검색 시작: probiotics colonoscopy polyps
2024-12-17 21:51:49,487 - INFO - 화이트리스트에 없는 논문 건너뜀: 제목 없음
2024-12-17 21:51:49,488 - INFO - 화이트리스트에 없는 논문 건너뜀: 제목 없음
2024-12-17 21:51:49,488 - INFO - 화이트리스트에 없는 논문 건너뜀: 제목 없음
2024-12-17 21:51:49,488 - INFO - 화이트리스트에 없는 논문 건너뜀: 제목 없음
2024-12-17 21:51:49,488 - INFO - 화이트리스트에 없는 논문 건너뜀: 제목 없음
2024-12-17 21:51:49,488 - INFO - PubMed 검색 시작: probiotics liver function test
2024-12-17 21:51:50,315 - INFO - 화이트리스트에 없는 논문 건너뜀: 제목 없음
2024-12-17 21:51:50,315 - INFO - 화이트리스트에 없는 논문 건너뜀: 제목 없음
2024-12-17 21:51:50,315 - INFO - 화이트리스트에 없는 논문 건너뜀: 제목 없음
2024-12-17 21:51:50,315 - INFO - 화이트리스트에 없는 논문 건너뜀: 제목 없음
2024-12-17 21:51:50,315 - INFO - 화이트리스트에 없는 논문 건너뜀: 제목 없음
2024-12-17 21:51:50,315 - INFO - PubMed 검색 시작: probiotics mammography
2024-12-17 21:51:50,642 - INFO - probiotics mammography에 대한 PMID를 찾을 수 없습니다.
2024-12-17 21:51:50,643 - INFO - PubMed 검색 시작: omega-3 blood pressure
2024-12-17 21:51:51,379 - INFO - 화이트리스트에 없는 논문 건너뜀: 제목 없음
2024-12-17 21:51:51,379 - INFO - 화이트리스트에 없는 논문 건너뜀: 제목 없음
2024-12-17 21:51:51,379 - INFO - 화이트리스트에 없는 논문 건너뜀: 제목 없음
2024-12-17 21:51:51,379 - INFO - 화이트리스트에 없는 논문 건너뜀: 제목 없음
2024-12-17 21:51:51,379 - INFO - PubMed 검색 시작: omega-3 blood sugar
2024-12-17 21:51:52,026 - INFO - 화이트리스트에 없는 논문 건너뜀: 제목 없음
2024-12-17 21:51:52,027 - INFO - 화이트리스트에 없는 논문 건너뜀: 제목 없음
2024-12-17 21:51:52,027 - INFO - 화이트리스트에 없는 논문 건너뜀: 제목 없음
2024-12-17 21:51:52,027 - INFO - 화이트리스트에 없는 논문 건너뜀: 제목 없음
2024-12-17 21:51:52,027 - INFO - 화이트리스트에 없는 논문 건너뜀: 제목 없음
2024-12-17 21:51:52,027 - INFO - PubMed 검색 시작: omega-3 BMI
2024-12-17 21:51:55,193 - INFO - 화이트리스트에 없는 논문 건너뜀: 제목 없음
2024-12-17 21:51:55,193 - INFO - 화이트리스트에 없는 논문 건너뜀: 제목 없음
2024-12-17 21:51:55,193 - INFO - 화이트리스트에 없는 논문 건너뜀: 제목 없음
2024-12-17 21:51:55,193 - INFO - 화이트리스트에 없는 논문 건너뜀: 제목 없음
2024-12-17 21:51:55,193 - INFO - 화이트리스트에 없는 논문 건너뜀: 제목 없음
2024-12-17 21:51:55,193 - INFO - PubMed 검색 시작: omega-3 cholesterol
2024-12-17 21:51:56,067 - INFO - 화이트리스트에 없는 논문 건너뜀: 제목 없음
2024-12-17 21:51:56,067 - INFO - 화이트리스트에 없는 논문 건너뜀: 제목 없음
2024-12-17 21:51:56,067 - INFO - 화이트리스트에 없는 논문 건너뜀: 제목 없음
2024-12-17 21:51:56,067 - INFO - 화이트리스트에 없는 논문 건너뜀: 제목 없음
2024-12-17 21:51:56,067 - INFO - 화이트리스트에 없는 논문 건너뜀: 제목 없음
2024-12-17 21:51:56,067 - INFO - PubMed 검색 시작: omega-3 gastric endoscopy
2024-12-17 21:51:57,294 - INFO - 화이트리스트에 없는 논문 건너뜀: 제목 없음
2024-12-17 21:51:57,294 - INFO - 화이트리스트에 없는 논문 건너뜀: 제목 없음
2024-12-17 21:51:57,294 - INFO - 화이트리스트에 없는 논문 건너뜀: 제목 없음
2024-12-17 21:51:57,294 - INFO - 화이트리스트에 없는 논문 건너뜀: 제목 없음
2024-12-17 21:51:57,294 - INFO - 화이트리스트에 없는 논문 건너뜀: 제목 없음
2024-12-17 21:51:57,294 - INFO - PubMed 검색 시작: omega-3 colonoscopy polyps
2024-12-17 21:51:58,863 - INFO - 화이트리스트에 없는 논문 건너뜀: 제목 없음
2024-12-17 21:51:58,863 - INFO - 화이트리스트에 없는 논문 건너뜀: 제목 없음
2024-12-17 21:51:58,863 - INFO - 화이트리스트에 없는 논문 건너뜀: 제목 없음
2024-12-17 21:51:58,863 - INFO - 화이트리스트에 없는 논문 건너뜀: 제목 없음
2024-12-17 21:51:58,863 - INFO - 화이트리스트에 없는 논문 건너뜀: 제목 없음
2024-12-17 21:51:58,863 - INFO - PubMed 검색 시작: omega-3 liver function test
2024-12-17 21:51:59,690 - INFO - 화이트리스트에 없는 논문 건너뜀: 제목 없음
2024-12-17 21:51:59,690 - INFO - 화이트리스트에 없는 논문 건너뜀: 제목 없음
2024-12-17 21:51:59,690 - INFO - 화이트리스트에 없는 논문 건너뜀: 제목 없음
2024-12-17 21:51:59,690 - INFO - 화이트리스트에 없는 논문 건너뜀: 제목 없음
2024-12-17 21:51:59,691 - INFO - 화이트리스트에 없는 논문 건너뜀: 제목 없음
2024-12-17 21:51:59,691 - INFO - PubMed 검색 시작: omega-3 mammography
2024-12-17 21:52:00,304 - INFO - 화이트리스트에 없는 논문 건너뜀: 제목 없음
2024-12-17 21:52:00,304 - INFO - 화이트리스트에 없는 논문 건너뜀: 제목 없음
2024-12-17 21:52:00,304 - INFO - 화이트리스트에 없는 논문 건너뜀: 제목 없음
2024-12-17 21:52:00,304 - INFO - 화이트리스트에 없는 논문 건너뜀: 제목 없음
2024-12-17 21:52:00,304 - INFO - 화이트리스트에 없는 논문 건너뜀: 제목 없음
2024-12-17 21:52:00,304 - INFO - PubMed 검색 시작: magnesium blood pressure
2024-12-17 21:52:01,191 - INFO - 화이트리스트에 없는 논문 건너뜀: 제목 없음
2024-12-17 21:52:01,192 - INFO - 화이트리스트에 없는 논문 건너뜀: 제목 없음
2024-12-17 21:52:01,192 - INFO - 화이트리스트에 없는 논문 건너뜀: 제목 없음
2024-12-17 21:52:01,192 - INFO - 화이트리스트에 없는 논문 건너뜀: 제목 없음
2024-12-17 21:52:01,192 - INFO - 화이트리스트에 없는 논문 건너뜀: 제목 없음
2024-12-17 21:52:01,192 - INFO - PubMed 검색 시작: magnesium blood sugar
2024-12-17 21:52:01,819 - INFO - 화이트리스트에 없는 논문 건너뜀: 제목 없음
2024-12-17 21:52:01,820 - INFO - 화이트리스트에 없는 논문 건너뜀: 제목 없음
2024-12-17 21:52:01,820 - INFO - 화이트리스트에 없는 논문 건너뜀: 제목 없음
2024-12-17 21:52:01,820 - INFO - 화이트리스트에 없는 논문 건너뜀: 제목 없음
2024-12-17 21:52:01,820 - INFO - 화이트리스트에 없는 논문 건너뜀: 제목 없음
2024-12-17 21:52:01,820 - INFO - PubMed 검색 시작: magnesium BMI
2024-12-17 21:52:05,383 - INFO - 화이트리스트에 없는 논문 건너뜀: 제목 없음
2024-12-17 21:52:05,384 - INFO - 화이트리스트에 없는 논문 건너뜀: 제목 없음
2024-12-17 21:52:05,384 - INFO - 화이트리스트에 없는 논문 건너뜀: 제목 없음
2024-12-17 21:52:05,384 - INFO - 화이트리스트에 없는 논문 건너뜀: 제목 없음
2024-12-17 21:52:05,384 - INFO - 화이트리스트에 없는 논문 건너뜀: 제목 없음
2024-12-17 21:52:05,384 - INFO - PubMed 검색 시작: magnesium cholesterol
2024-12-17 21:52:08,128 - INFO - 화이트리스트에 없는 논문 건너뜀: 제목 없음
2024-12-17 21:52:08,129 - INFO - 화이트리스트에 없는 논문 건너뜀: 제목 없음
2024-12-17 21:52:08,129 - INFO - 화이트리스트에 없는 논문 건너뜀: 제목 없음
2024-12-17 21:52:08,129 - INFO - 화이트리스트에 없는 논문 건너뜀: 제목 없음
2024-12-17 21:52:08,129 - INFO - 화이트리스트에 없는 논문 건너뜀: 제목 없음
2024-12-17 21:52:08,129 - INFO - PubMed 검색 시작: magnesium gastric endoscopy
2024-12-17 21:52:08,933 - INFO - 화이트리스트에 없는 논문 건너뜀: 제목 없음
2024-12-17 21:52:08,933 - INFO - 화이트리스트에 없는 논문 건너뜀: 제목 없음
2024-12-17 21:52:08,934 - INFO - 화이트리스트에 없는 논문 건너뜀: 제목 없음
2024-12-17 21:52:08,934 - INFO - 화이트리스트에 없는 논문 건너뜀: 제목 없음
2024-12-17 21:52:08,934 - INFO - 화이트리스트에 없는 논문 건너뜀: 제목 없음
2024-12-17 21:52:08,934 - INFO - PubMed 검색 시작: magnesium colonoscopy polyps
2024-12-17 21:52:09,744 - INFO - 화이트리스트에 없는 논문 건너뜀: 제목 없음
2024-12-17 21:52:09,744 - INFO - 화이트리스트에 없는 논문 건너뜀: 제목 없음
2024-12-17 21:52:09,744 - INFO - 화이트리스트에 없는 논문 건너뜀: 제목 없음
2024-12-17 21:52:09,744 - INFO - 화이트리스트에 없는 논문 건너뜀: 제목 없음
2024-12-17 21:52:09,744 - INFO - 화이트리스트에 없는 논문 건너뜀: 제목 없음
2024-12-17 21:52:09,744 - INFO - PubMed 검색 시작: magnesium liver function test
2024-12-17 21:52:10,390 - INFO - 화이트리스트에 없는 논문 건너뜀: 제목 없음
2024-12-17 21:52:10,390 - INFO - 화이트리스트에 없는 논문 건너뜀: 제목 없음
2024-12-17 21:52:10,390 - INFO - 화이트리스트에 없는 논문 건너뜀: 제목 없음
2024-12-17 21:52:10,390 - INFO - 화이트리스트에 없는 논문 건너뜀: 제목 없음
2024-12-17 21:52:10,390 - INFO - 화이트리스트에 없는 논문 건너뜀: 제목 없음
2024-12-17 21:52:10,390 - INFO - PubMed 검색 시작: magnesium mammography
2024-12-17 21:55:57,648 - INFO - SUPPLEMENTS: ['probiotics', 'omega-3', 'magnesium', 'green tea extract', 'banana leaf extract', 'milk thistle', 'red yeast rice']
2024-12-17 21:55:57,648 - INFO - HEALTH_KEYWORDS: ['blood pressure', 'blood sugar', 'BMI', 'cholesterol', 'gastric endoscopy', 'colonoscopy polyps', 'liver function test', 'mammography']
2024-12-17 21:55:57,788 - INFO - Chroma 벡터스토어 초기화 완료.
2024-12-17 21:55:57,789 - INFO - PubMed 검색 시작: probiotics blood pressure
2024-12-17 21:55:59,607 - INFO - 조건에 맞지 않는 논문 건너뜀: 제목 없음
2024-12-17 21:56:00,168 - INFO - PMID: 39546851 논문 저장 완료: https://pubmed.ncbi.nlm.nih.gov/39546851/
2024-12-17 21:56:00,461 - INFO - PMID: 39508089 논문 저장 완료: https://pubmed.ncbi.nlm.nih.gov/39508089/
2024-12-17 21:56:00,862 - INFO - PMID: 39497887 논문 저장 완료: https://pubmed.ncbi.nlm.nih.gov/39497887/
2024-12-17 21:56:01,253 - INFO - PMID: 39471704 논문 저장 완료: https://pubmed.ncbi.nlm.nih.gov/39471704/
2024-12-17 21:56:01,253 - INFO - PubMed 검색 시작: probiotics blood sugar
2024-12-17 21:56:02,623 - INFO - PMID: 39640632 논문 저장 완료: https://pubmed.ncbi.nlm.nih.gov/39640632/
2024-12-17 21:56:02,623 - INFO - 조건에 맞지 않는 논문 건너뜀: 제목 없음
2024-12-17 21:56:02,623 - INFO - 조건에 맞지 않는 논문 건너뜀: 제목 없음
2024-12-17 21:56:02,624 - INFO - 조건에 맞지 않는 논문 건너뜀: 제목 없음
2024-12-17 21:56:02,624 - INFO - 조건에 맞지 않는 논문 건너뜀: 제목 없음
2024-12-17 21:56:02,624 - INFO - PubMed 검색 시작: probiotics BMI
2024-12-17 21:56:03,860 - INFO - PMID: 39642126 논문 저장 완료: https://pubmed.ncbi.nlm.nih.gov/39642126/
2024-12-17 21:56:04,296 - INFO - PMID: 39599626 논문 저장 완료: https://pubmed.ncbi.nlm.nih.gov/39599626/
2024-12-17 21:56:04,296 - INFO - 조건에 맞지 않는 논문 건너뜀: 제목 없음
2024-12-17 21:56:04,579 - INFO - PMID: 39574069 논문 저장 완료: https://pubmed.ncbi.nlm.nih.gov/39574069/
2024-12-17 21:56:04,579 - INFO - 조건에 맞지 않는 논문 건너뜀: 제목 없음
2024-12-17 21:56:04,580 - INFO - PubMed 검색 시작: probiotics cholesterol
2024-12-17 21:56:05,598 - INFO - 조건에 맞지 않는 논문 건너뜀: 제목 없음
2024-12-17 21:56:05,933 - INFO - PMID: 39672256 논문 저장 완료: https://pubmed.ncbi.nlm.nih.gov/39672256/
2024-12-17 21:56:06,296 - INFO - PMID: 39664910 논문 저장 완료: https://pubmed.ncbi.nlm.nih.gov/39664910/
2024-12-17 21:56:06,601 - INFO - PMID: 39658176 논문 저장 완료: https://pubmed.ncbi.nlm.nih.gov/39658176/
2024-12-17 21:56:06,601 - INFO - 조건에 맞지 않는 논문 건너뜀: 제목 없음
2024-12-17 21:56:06,601 - INFO - PubMed 검색 시작: probiotics gastric endoscopy
2024-12-17 21:56:07,692 - INFO - 조건에 맞지 않는 논문 건너뜀: 제목 없음
2024-12-17 21:56:07,692 - INFO - 조건에 맞지 않는 논문 건너뜀: 제목 없음
2024-12-17 21:56:07,692 - INFO - 조건에 맞지 않는 논문 건너뜀: 제목 없음
2024-12-17 21:56:07,692 - INFO - 조건에 맞지 않는 논문 건너뜀: 제목 없음
2024-12-17 21:56:07,692 - INFO - 조건에 맞지 않는 논문 건너뜀: 제목 없음
2024-12-17 21:56:07,692 - INFO - PubMed 검색 시작: probiotics colonoscopy polyps
2024-12-17 21:56:08,495 - INFO - 조건에 맞지 않는 논문 건너뜀: 제목 없음
2024-12-17 21:56:08,495 - INFO - 조건에 맞지 않는 논문 건너뜀: 제목 없음
2024-12-17 21:56:08,495 - INFO - 조건에 맞지 않는 논문 건너뜀: 제목 없음
2024-12-17 21:56:08,495 - INFO - 조건에 맞지 않는 논문 건너뜀: 제목 없음
2024-12-17 21:56:08,495 - INFO - 조건에 맞지 않는 논문 건너뜀: 제목 없음
2024-12-17 21:56:08,495 - INFO - PubMed 검색 시작: probiotics liver function test
2024-12-17 21:56:09,175 - INFO - 조건에 맞지 않는 논문 건너뜀: 제목 없음
2024-12-17 21:56:09,176 - INFO - 조건에 맞지 않는 논문 건너뜀: 제목 없음
2024-12-17 21:56:09,176 - INFO - 조건에 맞지 않는 논문 건너뜀: 제목 없음
2024-12-17 21:56:09,176 - INFO - 조건에 맞지 않는 논문 건너뜀: 제목 없음
2024-12-17 21:56:09,176 - INFO - 조건에 맞지 않는 논문 건너뜀: 제목 없음
2024-12-17 21:56:09,176 - INFO - PubMed 검색 시작: probiotics mammography
2024-12-17 21:56:09,502 - INFO - probiotics mammography에 대한 PMID를 찾을 수 없습니다.
2024-12-17 21:56:09,502 - INFO - PubMed 검색 시작: omega-3 blood pressure
2024-12-17 21:56:10,528 - INFO - PMID: 39515560 논문 저장 완료: https://pubmed.ncbi.nlm.nih.gov/39515560/
2024-12-17 21:56:10,843 - INFO - PMID: 39470212 논문 저장 완료: https://pubmed.ncbi.nlm.nih.gov/39470212/
2024-12-17 21:56:10,843 - INFO - 조건에 맞지 않는 논문 건너뜀: 제목 없음
2024-12-17 21:56:11,261 - INFO - PMID: 39403396 논문 저장 완료: https://pubmed.ncbi.nlm.nih.gov/39403396/
2024-12-17 21:56:11,261 - INFO - PubMed 검색 시작: omega-3 blood sugar
2024-12-17 21:56:12,090 - INFO - 조건에 맞지 않는 논문 건너뜀: 제목 없음
2024-12-17 21:56:12,091 - INFO - 조건에 맞지 않는 논문 건너뜀: 제목 없음
2024-12-17 21:56:12,091 - INFO - 조건에 맞지 않는 논문 건너뜀: 제목 없음
2024-12-17 21:56:12,091 - INFO - 조건에 맞지 않는 논문 건너뜀: 제목 없음
2024-12-17 21:56:12,091 - INFO - 조건에 맞지 않는 논문 건너뜀: 제목 없음
2024-12-17 21:56:12,091 - INFO - PubMed 검색 시작: omega-3 BMI
2024-12-17 21:56:13,348 - INFO - PMID: 39657964 논문 저장 완료: https://pubmed.ncbi.nlm.nih.gov/39657964/
2024-12-17 21:56:13,348 - INFO - 조건에 맞지 않는 논문 건너뜀: 제목 없음
2024-12-17 21:56:13,348 - INFO - 조건에 맞지 않는 논문 건너뜀: 제목 없음
2024-12-17 21:56:13,825 - INFO - PMID: 39639361 논문 저장 완료: https://pubmed.ncbi.nlm.nih.gov/39639361/
2024-12-17 21:56:13,826 - INFO - 조건에 맞지 않는 논문 건너뜀: 제목 없음
2024-12-17 21:56:13,826 - INFO - PubMed 검색 시작: omega-3 cholesterol
2024-12-17 21:56:15,112 - INFO - PMID: 39620015 논문 저장 완료: https://pubmed.ncbi.nlm.nih.gov/39620015/
2024-12-17 21:56:15,112 - INFO - 조건에 맞지 않는 논문 건너뜀: 제목 없음
2024-12-17 21:56:15,112 - INFO - 조건에 맞지 않는 논문 건너뜀: 제목 없음
2024-12-17 21:56:15,112 - INFO - 조건에 맞지 않는 논문 건너뜀: 제목 없음
2024-12-17 21:56:15,112 - INFO - 조건에 맞지 않는 논문 건너뜀: 제목 없음
2024-12-17 21:56:15,112 - INFO - PubMed 검색 시작: omega-3 gastric endoscopy
2024-12-17 21:56:15,924 - INFO - 조건에 맞지 않는 논문 건너뜀: 제목 없음
2024-12-17 21:56:15,924 - INFO - 조건에 맞지 않는 논문 건너뜀: 제목 없음
2024-12-17 21:56:15,924 - INFO - 조건에 맞지 않는 논문 건너뜀: 제목 없음
2024-12-17 21:56:15,924 - INFO - 조건에 맞지 않는 논문 건너뜀: 제목 없음
2024-12-17 21:56:15,924 - INFO - 조건에 맞지 않는 논문 건너뜀: 제목 없음
2024-12-17 21:56:15,924 - INFO - PubMed 검색 시작: omega-3 colonoscopy polyps
2024-12-17 21:56:16,718 - INFO - 조건에 맞지 않는 논문 건너뜀: 제목 없음
2024-12-17 21:56:16,719 - INFO - 조건에 맞지 않는 논문 건너뜀: 제목 없음
2024-12-17 21:56:16,719 - INFO - 조건에 맞지 않는 논문 건너뜀: 제목 없음
2024-12-17 21:56:16,719 - INFO - 조건에 맞지 않는 논문 건너뜀: 제목 없음
2024-12-17 21:56:16,719 - INFO - 조건에 맞지 않는 논문 건너뜀: 제목 없음
2024-12-17 21:56:16,719 - INFO - PubMed 검색 시작: omega-3 liver function test
2024-12-17 21:56:17,548 - INFO - 조건에 맞지 않는 논문 건너뜀: 제목 없음
2024-12-17 21:56:17,549 - INFO - 조건에 맞지 않는 논문 건너뜀: 제목 없음
2024-12-17 21:56:17,549 - INFO - 조건에 맞지 않는 논문 건너뜀: 제목 없음
2024-12-17 21:56:17,549 - INFO - 조건에 맞지 않는 논문 건너뜀: 제목 없음
2024-12-17 21:56:17,549 - INFO - 조건에 맞지 않는 논문 건너뜀: 제목 없음
2024-12-17 21:56:17,549 - INFO - PubMed 검색 시작: omega-3 mammography
2024-12-17 21:56:18,720 - INFO - PMID: 31628875 논문 저장 완료: https://pubmed.ncbi.nlm.nih.gov/31628875/
2024-12-17 21:56:19,070 - INFO - PMID: 30776745 논문 저장 완료: https://pubmed.ncbi.nlm.nih.gov/30776745/
2024-12-17 21:56:19,071 - INFO - 조건에 맞지 않는 논문 건너뜀: 제목 없음
2024-12-17 21:56:19,395 - INFO - PMID: 26875446 논문 저장 완료: https://pubmed.ncbi.nlm.nih.gov/26875446/
2024-12-17 21:56:19,395 - INFO - 조건에 맞지 않는 논문 건너뜀: 제목 없음
2024-12-17 21:56:19,395 - INFO - PubMed 검색 시작: magnesium blood pressure
2024-12-17 21:56:20,784 - INFO - PMID: 39678550 논문 저장 완료: https://pubmed.ncbi.nlm.nih.gov/39678550/
2024-12-17 21:56:21,252 - INFO - PMID: 39595928 논문 저장 완료: https://pubmed.ncbi.nlm.nih.gov/39595928/
2024-12-17 21:56:21,667 - INFO - PMID: 39583450 논문 저장 완료: https://pubmed.ncbi.nlm.nih.gov/39583450/
2024-12-17 21:56:22,079 - INFO - PMID: 39567969 논문 저장 완료: https://pubmed.ncbi.nlm.nih.gov/39567969/
2024-12-17 21:56:22,567 - INFO - PMID: 39539878 논문 저장 완료: https://pubmed.ncbi.nlm.nih.gov/39539878/
2024-12-17 21:56:22,567 - INFO - PubMed 검색 시작: magnesium blood sugar
2024-12-17 21:56:23,851 - INFO - PMID: 39678550 논문 저장 완료: https://pubmed.ncbi.nlm.nih.gov/39678550/
2024-12-17 21:56:23,851 - INFO - 조건에 맞지 않는 논문 건너뜀: 제목 없음
2024-12-17 21:56:24,130 - INFO - PMID: 39594024 논문 저장 완료: https://pubmed.ncbi.nlm.nih.gov/39594024/
2024-12-17 21:56:24,130 - INFO - 조건에 맞지 않는 논문 건너뜀: 제목 없음
2024-12-17 21:56:24,130 - INFO - 조건에 맞지 않는 논문 건너뜀: 제목 없음
2024-12-17 21:56:24,131 - INFO - PubMed 검색 시작: magnesium BMI
2024-12-17 21:56:24,978 - INFO - 조건에 맞지 않는 논문 건너뜀: 제목 없음
2024-12-17 21:56:25,453 - INFO - PMID: 39565919 논문 저장 완료: https://pubmed.ncbi.nlm.nih.gov/39565919/
2024-12-17 21:56:26,065 - INFO - PMID: 39529019 논문 저장 완료: https://pubmed.ncbi.nlm.nih.gov/39529019/
2024-12-17 21:56:26,349 - INFO - PMID: 39469331 논문 저장 완료: https://pubmed.ncbi.nlm.nih.gov/39469331/
2024-12-17 21:56:26,349 - INFO - 조건에 맞지 않는 논문 건너뜀: 제목 없음
2024-12-17 21:56:26,349 - INFO - PubMed 검색 시작: magnesium cholesterol
2024-12-17 21:56:27,512 - INFO - PMID: 39662688 논문 저장 완료: https://pubmed.ncbi.nlm.nih.gov/39662688/
2024-12-17 21:56:27,925 - INFO - PMID: 39610617 논문 저장 완료: https://pubmed.ncbi.nlm.nih.gov/39610617/
2024-12-17 21:56:28,248 - INFO - PMID: 39565982 논문 저장 완료: https://pubmed.ncbi.nlm.nih.gov/39565982/
2024-12-17 21:56:28,752 - INFO - PMID: 39565919 논문 저장 완료: https://pubmed.ncbi.nlm.nih.gov/39565919/
2024-12-17 21:56:29,182 - INFO - PMID: 39565366 논문 저장 완료: https://pubmed.ncbi.nlm.nih.gov/39565366/
2024-12-17 21:56:29,183 - INFO - PubMed 검색 시작: magnesium gastric endoscopy
2024-12-17 21:56:30,229 - INFO - 조건에 맞지 않는 논문 건너뜀: 제목 없음
2024-12-17 21:56:30,229 - INFO - 조건에 맞지 않는 논문 건너뜀: 제목 없음
2024-12-17 21:56:30,230 - INFO - 조건에 맞지 않는 논문 건너뜀: 제목 없음
2024-12-17 21:56:30,230 - INFO - 조건에 맞지 않는 논문 건너뜀: 제목 없음
2024-12-17 21:56:30,230 - INFO - 조건에 맞지 않는 논문 건너뜀: 제목 없음
2024-12-17 21:56:30,230 - INFO - PubMed 검색 시작: magnesium colonoscopy polyps
2024-12-17 21:56:31,809 - INFO - 조건에 맞지 않는 논문 건너뜀: 제목 없음
2024-12-17 21:56:31,809 - INFO - 조건에 맞지 않는 논문 건너뜀: 제목 없음
2024-12-17 21:56:31,809 - INFO - 조건에 맞지 않는 논문 건너뜀: 제목 없음
2024-12-17 21:56:31,809 - INFO - 조건에 맞지 않는 논문 건너뜀: 제목 없음
2024-12-17 21:56:31,809 - INFO - 조건에 맞지 않는 논문 건너뜀: 제목 없음
2024-12-17 21:56:31,809 - INFO - PubMed 검색 시작: magnesium liver function test
2024-12-17 21:56:32,482 - INFO - 조건에 맞지 않는 논문 건너뜀: 제목 없음
2024-12-17 21:56:32,483 - INFO - 조건에 맞지 않는 논문 건너뜀: 제목 없음
2024-12-17 21:56:32,483 - INFO - 조건에 맞지 않는 논문 건너뜀: 제목 없음
2024-12-17 21:56:32,916 - INFO - PMID: 39085204 논문 저장 완료: https://pubmed.ncbi.nlm.nih.gov/39085204/
2024-12-17 21:56:33,210 - INFO - PMID: 39021174 논문 저장 완료: https://pubmed.ncbi.nlm.nih.gov/39021174/
2024-12-17 21:56:33,210 - INFO - PubMed 검색 시작: magnesium mammography
2024-12-17 21:56:34,510 - INFO - PMID: 35816459 논문 저장 완료: https://pubmed.ncbi.nlm.nih.gov/35816459/
2024-12-17 21:56:34,857 - INFO - PMID: 35251632 논문 저장 완료: https://pubmed.ncbi.nlm.nih.gov/35251632/
2024-12-17 21:56:35,154 - INFO - PMID: 29744755 논문 저장 완료: https://pubmed.ncbi.nlm.nih.gov/29744755/
2024-12-17 21:56:35,490 - INFO - PMID: 22465267 논문 저장 완료: https://pubmed.ncbi.nlm.nih.gov/22465267/
2024-12-17 21:56:35,775 - INFO - PMID: 21540318 논문 저장 완료: https://pubmed.ncbi.nlm.nih.gov/21540318/
2024-12-17 21:56:35,775 - INFO - PubMed 검색 시작: green tea extract blood pressure
2024-12-17 21:56:36,918 - INFO - 조건에 맞지 않는 논문 건너뜀: 제목 없음
2024-12-17 21:56:36,918 - INFO - 조건에 맞지 않는 논문 건너뜀: 제목 없음
2024-12-17 21:56:36,918 - INFO - 조건에 맞지 않는 논문 건너뜀: 제목 없음
2024-12-17 21:56:36,918 - INFO - 조건에 맞지 않는 논문 건너뜀: 제목 없음
2024-12-17 21:56:36,918 - INFO - PubMed 검색 시작: green tea extract blood sugar
2024-12-17 21:56:37,959 - INFO - 조건에 맞지 않는 논문 건너뜀: 제목 없음
2024-12-17 21:56:37,959 - INFO - 조건에 맞지 않는 논문 건너뜀: 제목 없음
2024-12-17 21:56:37,959 - INFO - 조건에 맞지 않는 논문 건너뜀: 제목 없음
2024-12-17 21:56:37,959 - INFO - 조건에 맞지 않는 논문 건너뜀: 제목 없음
2024-12-17 21:56:37,959 - INFO - 조건에 맞지 않는 논문 건너뜀: 제목 없음
2024-12-17 21:56:37,959 - INFO - PubMed 검색 시작: green tea extract BMI
2024-12-17 21:56:38,810 - INFO - 조건에 맞지 않는 논문 건너뜀: 제목 없음
2024-12-17 21:56:38,810 - INFO - 조건에 맞지 않는 논문 건너뜀: 제목 없음
2024-12-17 21:56:38,811 - INFO - 조건에 맞지 않는 논문 건너뜀: 제목 없음
2024-12-17 21:56:39,356 - INFO - PMID: 38031409 논문 저장 완료: https://pubmed.ncbi.nlm.nih.gov/38031409/
2024-12-17 21:56:39,356 - INFO - 조건에 맞지 않는 논문 건너뜀: 제목 없음
2024-12-17 21:56:39,356 - INFO - PubMed 검색 시작: green tea extract cholesterol
2024-12-17 21:56:40,180 - INFO - 조건에 맞지 않는 논문 건너뜀: 제목 없음
2024-12-17 21:56:40,518 - INFO - PMID: 39570048 논문 저장 완료: https://pubmed.ncbi.nlm.nih.gov/39570048/
2024-12-17 21:56:40,997 - INFO - PMID: 39363261 논문 저장 완료: https://pubmed.ncbi.nlm.nih.gov/39363261/
2024-12-17 21:56:40,997 - INFO - 조건에 맞지 않는 논문 건너뜀: 제목 없음
2024-12-17 21:56:40,997 - INFO - 조건에 맞지 않는 논문 건너뜀: 제목 없음
2024-12-17 21:56:40,997 - INFO - PubMed 검색 시작: green tea extract gastric endoscopy
2024-12-17 21:56:41,342 - INFO - green tea extract gastric endoscopy에 대한 PMID를 찾을 수 없습니다.
2024-12-17 21:56:41,343 - INFO - PubMed 검색 시작: green tea extract colonoscopy polyps
2024-12-17 21:56:42,229 - INFO - 조건에 맞지 않는 논문 건너뜀: 제목 없음
2024-12-17 21:56:42,229 - INFO - 조건에 맞지 않는 논문 건너뜀: 제목 없음
2024-12-17 21:56:42,229 - INFO - 조건에 맞지 않는 논문 건너뜀: 제목 없음
2024-12-17 21:56:42,229 - INFO - PubMed 검색 시작: green tea extract liver function test
2024-12-17 21:56:43,088 - INFO - 조건에 맞지 않는 논문 건너뜀: 제목 없음
2024-12-17 21:56:43,088 - INFO - 조건에 맞지 않는 논문 건너뜀: 제목 없음
2024-12-17 21:56:43,088 - INFO - 조건에 맞지 않는 논문 건너뜀: 제목 없음
2024-12-17 21:56:43,088 - INFO - 조건에 맞지 않는 논문 건너뜀: 제목 없음
2024-12-17 21:56:43,088 - INFO - 조건에 맞지 않는 논문 건너뜀: 제목 없음
2024-12-17 21:56:43,088 - INFO - PubMed 검색 시작: green tea extract mammography
2024-12-17 21:56:43,767 - INFO - 조건에 맞지 않는 논문 건너뜀: 제목 없음
2024-12-17 21:56:43,768 - INFO - 조건에 맞지 않는 논문 건너뜀: 제목 없음
2024-12-17 21:56:43,768 - INFO - 조건에 맞지 않는 논문 건너뜀: 제목 없음
2024-12-17 21:56:43,768 - INFO - PubMed 검색 시작: banana leaf extract blood pressure
2024-12-17 21:56:44,391 - INFO - 조건에 맞지 않는 논문 건너뜀: 제목 없음
2024-12-17 21:56:44,391 - INFO - PubMed 검색 시작: banana leaf extract blood sugar
2024-12-17 21:56:47,436 - INFO - 조건에 맞지 않는 논문 건너뜀: 제목 없음
2024-12-17 21:56:47,436 - INFO - 조건에 맞지 않는 논문 건너뜀: 제목 없음
2024-12-17 21:56:47,436 - INFO - 조건에 맞지 않는 논문 건너뜀: 제목 없음
2024-12-17 21:56:47,436 - INFO - 조건에 맞지 않는 논문 건너뜀: 제목 없음
2024-12-17 21:56:47,436 - INFO - 조건에 맞지 않는 논문 건너뜀: 제목 없음
2024-12-17 21:56:47,436 - INFO - PubMed 검색 시작: banana leaf extract BMI
2024-12-17 21:56:47,810 - INFO - banana leaf extract BMI에 대한 PMID를 찾을 수 없습니다.
2024-12-17 21:56:47,810 - INFO - PubMed 검색 시작: banana leaf extract cholesterol
2024-12-17 21:56:48,648 - INFO - 조건에 맞지 않는 논문 건너뜀: 제목 없음
2024-12-17 21:56:48,649 - INFO - 조건에 맞지 않는 논문 건너뜀: 제목 없음
2024-12-17 21:56:48,649 - INFO - 조건에 맞지 않는 논문 건너뜀: 제목 없음
2024-12-17 21:56:48,649 - INFO - 조건에 맞지 않는 논문 건너뜀: 제목 없음
2024-12-17 21:56:48,649 - INFO - 조건에 맞지 않는 논문 건너뜀: 제목 없음
2024-12-17 21:56:48,649 - INFO - PubMed 검색 시작: banana leaf extract gastric endoscopy
2024-12-17 21:56:49,002 - INFO - banana leaf extract gastric endoscopy에 대한 PMID를 찾을 수 없습니다.
2024-12-17 21:56:49,002 - INFO - PubMed 검색 시작: banana leaf extract colonoscopy polyps
2024-12-17 21:56:49,369 - INFO - banana leaf extract colonoscopy polyps에 대한 PMID를 찾을 수 없습니다.
2024-12-17 21:56:49,369 - INFO - PubMed 검색 시작: banana leaf extract liver function test
2024-12-17 21:56:49,718 - INFO - banana leaf extract liver function test에 대한 PMID를 찾을 수 없습니다.
2024-12-17 21:56:49,719 - INFO - PubMed 검색 시작: banana leaf extract mammography
2024-12-17 21:56:50,067 - INFO - banana leaf extract mammography에 대한 PMID를 찾을 수 없습니다.
2024-12-17 21:56:50,067 - INFO - PubMed 검색 시작: milk thistle blood pressure
2024-12-17 21:56:50,923 - INFO - 조건에 맞지 않는 논문 건너뜀: 제목 없음
2024-12-17 21:56:50,923 - INFO - 조건에 맞지 않는 논문 건너뜀: 제목 없음
2024-12-17 21:56:50,923 - INFO - 조건에 맞지 않는 논문 건너뜀: 제목 없음
2024-12-17 21:56:50,923 - INFO - 조건에 맞지 않는 논문 건너뜀: 제목 없음
2024-12-17 21:56:50,923 - INFO - 조건에 맞지 않는 논문 건너뜀: 제목 없음
2024-12-17 21:56:50,923 - INFO - PubMed 검색 시작: milk thistle blood sugar
2024-12-17 21:56:51,758 - INFO - 조건에 맞지 않는 논문 건너뜀: 제목 없음
2024-12-17 21:56:51,759 - INFO - 조건에 맞지 않는 논문 건너뜀: 제목 없음
2024-12-17 21:56:51,759 - INFO - 조건에 맞지 않는 논문 건너뜀: 제목 없음
2024-12-17 21:56:51,759 - INFO - 조건에 맞지 않는 논문 건너뜀: 제목 없음
2024-12-17 21:56:51,759 - INFO - 조건에 맞지 않는 논문 건너뜀: 제목 없음
2024-12-17 21:56:51,759 - INFO - PubMed 검색 시작: milk thistle BMI
2024-12-17 21:56:52,473 - INFO - 조건에 맞지 않는 논문 건너뜀: 제목 없음
2024-12-17 21:56:52,473 - INFO - 조건에 맞지 않는 논문 건너뜀: 제목 없음
2024-12-17 21:56:52,946 - INFO - PMID: 35651885 논문 저장 완료: https://pubmed.ncbi.nlm.nih.gov/35651885/
2024-12-17 21:56:52,946 - INFO - 조건에 맞지 않는 논문 건너뜀: 제목 없음
2024-12-17 21:56:53,411 - INFO - PMID: 29068700 논문 저장 완료: https://pubmed.ncbi.nlm.nih.gov/29068700/
2024-12-17 21:56:53,411 - INFO - PubMed 검색 시작: milk thistle cholesterol
2024-12-17 21:56:55,595 - INFO - PMID: 39351086 논문 저장 완료: https://pubmed.ncbi.nlm.nih.gov/39351086/
2024-12-17 21:56:56,085 - INFO - PMID: 39079329 논문 저장 완료: https://pubmed.ncbi.nlm.nih.gov/39079329/
2024-12-17 21:56:56,367 - INFO - PMID: 38997768 논문 저장 완료: https://pubmed.ncbi.nlm.nih.gov/38997768/
2024-12-17 21:56:56,699 - INFO - PMID: 38801454 논문 저장 완료: https://pubmed.ncbi.nlm.nih.gov/38801454/
2024-12-17 21:56:56,699 - INFO - 조건에 맞지 않는 논문 건너뜀: 제목 없음
2024-12-17 21:56:56,699 - INFO - PubMed 검색 시작: milk thistle gastric endoscopy
2024-12-17 21:56:57,428 - INFO - milk thistle gastric endoscopy에 대한 PMID를 찾을 수 없습니다.
2024-12-17 21:56:57,428 - INFO - PubMed 검색 시작: milk thistle colonoscopy polyps
2024-12-17 21:56:58,227 - INFO - 조건에 맞지 않는 논문 건너뜀: 제목 없음
2024-12-17 21:56:58,227 - INFO - PubMed 검색 시작: milk thistle liver function test
2024-12-17 21:56:59,495 - INFO - 조건에 맞지 않는 논문 건너뜀: 제목 없음
2024-12-17 21:56:59,495 - INFO - 조건에 맞지 않는 논문 건너뜀: 제목 없음
2024-12-17 21:56:59,495 - INFO - 조건에 맞지 않는 논문 건너뜀: 제목 없음
2024-12-17 21:56:59,496 - INFO - 조건에 맞지 않는 논문 건너뜀: 제목 없음
2024-12-17 21:56:59,496 - INFO - 조건에 맞지 않는 논문 건너뜀: 제목 없음
2024-12-17 21:56:59,496 - INFO - PubMed 검색 시작: milk thistle mammography
2024-12-17 21:56:59,924 - INFO - milk thistle mammography에 대한 PMID를 찾을 수 없습니다.
2024-12-17 21:56:59,924 - INFO - PubMed 검색 시작: red yeast rice blood pressure
2024-12-17 21:57:01,231 - INFO - PMID: 38847159 논문 저장 완료: https://pubmed.ncbi.nlm.nih.gov/38847159/
2024-12-17 21:57:01,495 - INFO - PMID: 38812930 논문 저장 완료: https://pubmed.ncbi.nlm.nih.gov/38812930/
2024-12-17 21:57:01,495 - INFO - 조건에 맞지 않는 논문 건너뜀: 제목 없음
2024-12-17 21:57:01,780 - INFO - PMID: 34587702 논문 저장 완료: https://pubmed.ncbi.nlm.nih.gov/34587702/
2024-12-17 21:57:01,780 - INFO - 조건에 맞지 않는 논문 건너뜀: 제목 없음
2024-12-17 21:57:01,780 - INFO - PubMed 검색 시작: red yeast rice blood sugar
2024-12-17 21:57:04,826 - INFO - 조건에 맞지 않는 논문 건너뜀: 제목 없음
2024-12-17 21:57:04,826 - INFO - 조건에 맞지 않는 논문 건너뜀: 제목 없음
2024-12-17 21:57:04,826 - INFO - 조건에 맞지 않는 논문 건너뜀: 제목 없음
2024-12-17 21:57:04,826 - INFO - 조건에 맞지 않는 논문 건너뜀: 제목 없음
2024-12-17 21:57:04,826 - INFO - 조건에 맞지 않는 논문 건너뜀: 제목 없음
2024-12-17 21:57:04,826 - INFO - PubMed 검색 시작: red yeast rice BMI
2024-12-17 21:57:05,633 - INFO - 조건에 맞지 않는 논문 건너뜀: 제목 없음
2024-12-17 21:57:06,080 - INFO - PMID: 31371114 논문 저장 완료: https://pubmed.ncbi.nlm.nih.gov/31371114/
2024-12-17 21:57:06,534 - INFO - PMID: 31352663 논문 저장 완료: https://pubmed.ncbi.nlm.nih.gov/31352663/
2024-12-17 21:57:07,096 - INFO - PMID: 25001663 논문 저장 완료: https://pubmed.ncbi.nlm.nih.gov/25001663/
2024-12-17 21:57:07,429 - INFO - PMID: 23018482 논문 저장 완료: https://pubmed.ncbi.nlm.nih.gov/23018482/
2024-12-17 21:57:07,429 - INFO - PubMed 검색 시작: red yeast rice cholesterol
2024-12-17 21:57:08,745 - INFO - PMID: 39614370 논문 저장 완료: https://pubmed.ncbi.nlm.nih.gov/39614370/
2024-12-17 21:57:09,103 - INFO - PMID: 39563466 논문 저장 완료: https://pubmed.ncbi.nlm.nih.gov/39563466/
2024-12-17 21:57:09,873 - INFO - PMID: 39511729 논문 저장 완료: https://pubmed.ncbi.nlm.nih.gov/39511729/
2024-12-17 21:57:10,301 - INFO - PMID: 39433195 논문 저장 완료: https://pubmed.ncbi.nlm.nih.gov/39433195/
2024-12-17 21:57:10,788 - INFO - PMID: 39424254 논문 저장 완료: https://pubmed.ncbi.nlm.nih.gov/39424254/
2024-12-17 21:57:10,788 - INFO - PubMed 검색 시작: red yeast rice gastric endoscopy
2024-12-17 21:57:11,126 - INFO - red yeast rice gastric endoscopy에 대한 PMID를 찾을 수 없습니다.
2024-12-17 21:57:11,126 - INFO - PubMed 검색 시작: red yeast rice colonoscopy polyps
2024-12-17 21:57:11,625 - INFO - red yeast rice colonoscopy polyps에 대한 PMID를 찾을 수 없습니다.
2024-12-17 21:57:11,625 - INFO - PubMed 검색 시작: red yeast rice liver function test
2024-12-17 21:57:12,654 - INFO - 조건에 맞지 않는 논문 건너뜀: 제목 없음
2024-12-17 21:57:12,956 - INFO - PMID: 36434733 논문 저장 완료: https://pubmed.ncbi.nlm.nih.gov/36434733/
2024-12-17 21:57:12,956 - INFO - 조건에 맞지 않는 논문 건너뜀: 제목 없음
2024-12-17 21:57:13,248 - INFO - PMID: 33045618 논문 저장 완료: https://pubmed.ncbi.nlm.nih.gov/33045618/
2024-12-17 21:57:13,248 - INFO - 조건에 맞지 않는 논문 건너뜀: 제목 없음
2024-12-17 21:57:13,248 - INFO - PubMed 검색 시작: red yeast rice mammography
2024-12-17 21:57:13,586 - INFO - red yeast rice mammography에 대한 PMID를 찾을 수 없습니다.
2024-12-17 21:57:13,586 - INFO - 모든 PubMed 데이터 업서트 완료.
2024-12-18 02:09:59,248 - INFO - SUPPLEMENTS: ['probiotics', 'omega-3', 'magnesium', 'green tea extract', 'banana leaf extract', 'milk thistle', 'red yeast rice']
2024-12-18 02:09:59,249 - INFO - HEALTH_KEYWORDS: ['blood pressure', 'blood sugar', 'BMI', 'cholesterol', 'gastric endoscopy', 'colonoscopy polyps', 'liver function test', 'mammography']
2024-12-18 21:13:45,082 - INFO - SUPPLEMENTS: ['probiotics', 'omega-3', 'magnesium', 'green tea extract', 'banana leaf extract', 'milk thistle', 'red yeast rice']
2024-12-18 21:13:45,083 - INFO - HEALTH_KEYWORDS: ['blood pressure', 'blood sugar', 'BMI', 'cholesterol', 'gastric endoscopy', 'colonoscopy polyps', 'liver function test', 'mammography']
2024-12-18 21:21:40,190 - INFO - SUPPLEMENTS: ['probiotics', 'omega-3', 'magnesium', 'green tea extract', 'banana leaf extract', 'milk thistle', 'red yeast rice']
2024-12-18 21:21:40,190 - INFO - HEALTH_KEYWORDS: ['blood pressure', 'blood sugar', 'BMI', 'cholesterol', 'gastric endoscopy', 'colonoscopy polyps', 'liver function test', 'mammography']
2024-12-18 21:25:33,402 - INFO - SUPPLEMENTS: ['probiotics', 'omega-3', 'magnesium', 'green tea extract', 'banana leaf extract', 'milk thistle', 'red yeast rice']
2024-12-18 21:25:33,402 - INFO - HEALTH_KEYWORDS: ['blood pressure', 'blood sugar', 'BMI', 'cholesterol', 'gastric endoscopy', 'colonoscopy polyps', 'liver function test', 'mammography']
2024-12-18 21:26:04,133 - INFO - SUPPLEMENTS: ['probiotics', 'omega-3', 'magnesium', 'green tea extract', 'banana leaf extract', 'milk thistle', 'red yeast rice']
2024-12-18 21:26:04,134 - INFO - HEALTH_KEYWORDS: ['blood pressure', 'blood sugar', 'BMI', 'cholesterol', 'gastric endoscopy', 'colonoscopy polyps', 'liver function test', 'mammography']
2024-12-18 21:28:06,608 - INFO - SUPPLEMENTS: ['probiotics', 'omega-3', 'magnesium', 'green tea extract', 'banana leaf extract', 'milk thistle', 'red yeast rice']
2024-12-18 21:28:06,608 - INFO - HEALTH_KEYWORDS: ['blood pressure', 'blood sugar', 'BMI', 'cholesterol', 'gastric endoscopy', 'colonoscopy polyps', 'liver function test', 'mammography']
2024-12-18 21:28:33,419 - INFO - SUPPLEMENTS: ['probiotics', 'omega-3', 'magnesium', 'green tea extract', 'banana leaf extract', 'milk thistle', 'red yeast rice']
2024-12-18 21:28:33,419 - INFO - HEALTH_KEYWORDS: ['blood pressure', 'blood sugar', 'BMI', 'cholesterol', 'gastric endoscopy', 'colonoscopy polyps', 'liver function test', 'mammography']
2024-12-18 21:30:10,095 - INFO - SUPPLEMENTS: ['probiotics', 'omega-3', 'magnesium', 'green tea extract', 'banana leaf extract', 'milk thistle', 'red yeast rice']
2024-12-18 21:30:10,095 - INFO - HEALTH_KEYWORDS: ['blood pressure', 'blood sugar', 'BMI', 'cholesterol', 'gastric endoscopy', 'colonoscopy polyps', 'liver function test', 'mammography']
2024-12-18 21:34:06,492 - INFO - SUPPLEMENTS: ['probiotics', 'omega-3', 'magnesium', 'green tea extract', 'banana leaf extract', 'milk thistle', 'red yeast rice']
2024-12-18 21:34:06,493 - INFO - HEALTH_KEYWORDS: ['blood pressure', 'blood sugar', 'BMI', 'cholesterol', 'gastric endoscopy', 'colonoscopy polyps', 'liver function test', 'mammography']
2024-12-18 21:34:06,494 - INFO - 번역된 SUPPLEMENTS: ['probiotics_translated', 'omega-3_translated', 'magnesium_translated', 'green tea extract_translated', 'banana leaf extract_translated', 'milk thistle_translated', 'red yeast rice_translated']
2024-12-18 21:34:06,494 - INFO - 번역된 HEALTH_KEYWORDS: ['blood pressure_translated', 'blood sugar_translated', 'BMI_translated', 'cholesterol_translated', 'gastric endoscopy_translated', 'colonoscopy polyps_translated', 'liver function test_translated', 'mammography_translated']
2024-12-18 21:34:06,637 - INFO - Chroma 벡터스토어 초기화 완료.
2024-12-18 21:34:06,637 - INFO - PubMed 검색 시작: probiotics_translated blood pressure_translated
2024-12-18 21:34:09,358 - INFO - 화이트리스트에 없는 논문 건너뜀: 제목 없음
2024-12-18 21:34:09,359 - INFO - 화이트리스트에 없는 논문 건너뜀: 제목 없음
2024-12-18 21:34:09,359 - INFO - 화이트리스트에 없는 논문 건너뜀: 제목 없음
2024-12-18 21:34:09,359 - INFO - 화이트리스트에 없는 논문 건너뜀: 제목 없음
2024-12-18 21:34:09,359 - INFO - 화이트리스트에 없는 논문 건너뜀: 제목 없음
2024-12-18 21:34:09,359 - INFO - PubMed 검색 시작: probiotics_translated blood sugar_translated
2024-12-18 21:34:10,425 - INFO - 화이트리스트에 없는 논문 건너뜀: 제목 없음
2024-12-18 21:34:10,425 - INFO - 화이트리스트에 없는 논문 건너뜀: 제목 없음
2024-12-18 21:34:10,425 - INFO - 화이트리스트에 없는 논문 건너뜀: 제목 없음
2024-12-18 21:34:10,425 - INFO - 화이트리스트에 없는 논문 건너뜀: 제목 없음
2024-12-18 21:34:10,425 - INFO - 화이트리스트에 없는 논문 건너뜀: 제목 없음
2024-12-18 21:34:10,425 - INFO - PubMed 검색 시작: probiotics_translated BMI_translated
2024-12-18 21:34:11,280 - INFO - 화이트리스트에 없는 논문 건너뜀: 제목 없음
2024-12-18 21:34:11,280 - INFO - 화이트리스트에 없는 논문 건너뜀: 제목 없음
2024-12-18 21:34:11,280 - INFO - 화이트리스트에 없는 논문 건너뜀: 제목 없음
2024-12-18 21:34:11,280 - INFO - 화이트리스트에 없는 논문 건너뜀: 제목 없음
2024-12-18 21:34:11,280 - INFO - 화이트리스트에 없는 논문 건너뜀: 제목 없음
2024-12-18 21:34:11,280 - INFO - PubMed 검색 시작: probiotics_translated cholesterol_translated
2024-12-18 21:34:11,944 - INFO - 화이트리스트에 없는 논문 건너뜀: 제목 없음
2024-12-18 21:34:11,944 - INFO - 화이트리스트에 없는 논문 건너뜀: 제목 없음
2024-12-18 21:34:11,944 - INFO - 화이트리스트에 없는 논문 건너뜀: 제목 없음
2024-12-18 21:34:11,944 - INFO - 화이트리스트에 없는 논문 건너뜀: 제목 없음
2024-12-18 21:34:11,944 - INFO - 화이트리스트에 없는 논문 건너뜀: 제목 없음
2024-12-18 21:34:11,944 - INFO - PubMed 검색 시작: probiotics_translated gastric endoscopy_translated
2024-12-18 21:34:12,381 - INFO - probiotics_translated gastric endoscopy_translated에 대한 PMID를 찾을 수 없습니다.
2024-12-18 21:34:12,381 - INFO - PubMed 검색 시작: probiotics_translated colonoscopy polyps_translated
2024-12-18 21:34:12,728 - INFO - probiotics_translated colonoscopy polyps_translated에 대한 PMID를 찾을 수 없습니다.
2024-12-18 21:34:12,728 - INFO - PubMed 검색 시작: probiotics_translated liver function test_translated
2024-12-18 21:34:13,581 - INFO - 화이트리스트에 없는 논문 건너뜀: 제목 없음
2024-12-18 21:34:13,582 - INFO - 화이트리스트에 없는 논문 건너뜀: 제목 없음
2024-12-18 21:34:13,582 - INFO - 화이트리스트에 없는 논문 건너뜀: 제목 없음
2024-12-18 21:34:13,582 - INFO - 화이트리스트에 없는 논문 건너뜀: 제목 없음
2024-12-18 21:34:13,582 - INFO - 화이트리스트에 없는 논문 건너뜀: 제목 없음
2024-12-18 21:34:13,582 - INFO - PubMed 검색 시작: probiotics_translated mammography_translated
2024-12-18 21:34:13,924 - INFO - probiotics_translated mammography_translated에 대한 PMID를 찾을 수 없습니다.
2024-12-18 21:34:13,925 - INFO - PubMed 검색 시작: omega-3_translated blood pressure_translated
2024-12-18 21:34:14,796 - INFO - 화이트리스트에 없는 논문 건너뜀: 제목 없음
2024-12-18 21:34:14,796 - INFO - 화이트리스트에 없는 논문 건너뜀: 제목 없음
2024-12-18 21:34:14,796 - INFO - 화이트리스트에 없는 논문 건너뜀: 제목 없음
2024-12-18 21:34:14,796 - INFO - 화이트리스트에 없는 논문 건너뜀: 제목 없음
2024-12-18 21:34:14,796 - INFO - 화이트리스트에 없는 논문 건너뜀: 제목 없음
2024-12-18 21:34:14,796 - INFO - PubMed 검색 시작: omega-3_translated blood sugar_translated
2024-12-18 21:34:15,680 - INFO - 화이트리스트에 없는 논문 건너뜀: 제목 없음
2024-12-18 21:34:15,681 - INFO - 화이트리스트에 없는 논문 건너뜀: 제목 없음
2024-12-18 21:34:15,681 - INFO - 화이트리스트에 없는 논문 건너뜀: 제목 없음
2024-12-18 21:34:15,681 - INFO - 화이트리스트에 없는 논문 건너뜀: 제목 없음
2024-12-18 21:34:15,681 - INFO - 화이트리스트에 없는 논문 건너뜀: 제목 없음
2024-12-18 21:34:15,681 - INFO - PubMed 검색 시작: omega-3_translated BMI_translated
2024-12-18 21:34:16,334 - INFO - 화이트리스트에 없는 논문 건너뜀: 제목 없음
2024-12-18 21:34:16,334 - INFO - 화이트리스트에 없는 논문 건너뜀: 제목 없음
2024-12-18 21:34:16,334 - INFO - 화이트리스트에 없는 논문 건너뜀: 제목 없음
2024-12-18 21:34:16,334 - INFO - 화이트리스트에 없는 논문 건너뜀: 제목 없음
2024-12-18 21:34:16,334 - INFO - 화이트리스트에 없는 논문 건너뜀: 제목 없음
2024-12-18 21:34:16,334 - INFO - PubMed 검색 시작: omega-3_translated cholesterol_translated
2024-12-18 21:34:16,995 - INFO - 화이트리스트에 없는 논문 건너뜀: 제목 없음
2024-12-18 21:34:16,995 - INFO - 화이트리스트에 없는 논문 건너뜀: 제목 없음
2024-12-18 21:34:16,995 - INFO - 화이트리스트에 없는 논문 건너뜀: 제목 없음
2024-12-18 21:34:16,996 - INFO - 화이트리스트에 없는 논문 건너뜀: 제목 없음
2024-12-18 21:34:16,996 - INFO - 화이트리스트에 없는 논문 건너뜀: 제목 없음
2024-12-18 21:34:16,996 - INFO - PubMed 검색 시작: omega-3_translated gastric endoscopy_translated
2024-12-18 21:34:20,008 - INFO - 화이트리스트에 없는 논문 건너뜀: 제목 없음
2024-12-18 21:34:20,008 - INFO - PubMed 검색 시작: omega-3_translated colonoscopy polyps_translated
2024-12-18 21:34:20,827 - INFO - 화이트리스트에 없는 논문 건너뜀: 제목 없음
2024-12-18 21:34:20,827 - INFO - 화이트리스트에 없는 논문 건너뜀: 제목 없음
2024-12-18 21:34:20,827 - INFO - 화이트리스트에 없는 논문 건너뜀: 제목 없음
2024-12-18 21:34:20,827 - INFO - PubMed 검색 시작: omega-3_translated liver function test_translated
2024-12-18 21:34:21,669 - INFO - 화이트리스트에 없는 논문 건너뜀: 제목 없음
2024-12-18 21:34:21,669 - INFO - 화이트리스트에 없는 논문 건너뜀: 제목 없음
2024-12-18 21:34:21,669 - INFO - 화이트리스트에 없는 논문 건너뜀: 제목 없음
2024-12-18 21:34:21,669 - INFO - 화이트리스트에 없는 논문 건너뜀: 제목 없음
2024-12-18 21:34:21,669 - INFO - 화이트리스트에 없는 논문 건너뜀: 제목 없음
2024-12-18 21:34:21,669 - INFO - PubMed 검색 시작: omega-3_translated mammography_translated
2024-12-18 21:34:22,017 - INFO - omega-3_translated mammography_translated에 대한 PMID를 찾을 수 없습니다.
2024-12-18 21:34:22,017 - INFO - PubMed 검색 시작: magnesium_translated blood pressure_translated
2024-12-18 21:34:22,891 - INFO - 화이트리스트에 없는 논문 건너뜀: 제목 없음
2024-12-18 21:34:22,892 - INFO - 화이트리스트에 없는 논문 건너뜀: 제목 없음
2024-12-18 21:34:22,892 - INFO - 화이트리스트에 없는 논문 건너뜀: 제목 없음
2024-12-18 21:34:22,892 - INFO - 화이트리스트에 없는 논문 건너뜀: 제목 없음
2024-12-18 21:34:22,892 - INFO - 화이트리스트에 없는 논문 건너뜀: 제목 없음
2024-12-18 21:34:22,892 - INFO - PubMed 검색 시작: magnesium_translated blood sugar_translated
2024-12-18 21:34:23,789 - INFO - 화이트리스트에 없는 논문 건너뜀: 제목 없음
2024-12-18 21:34:23,789 - INFO - 화이트리스트에 없는 논문 건너뜀: 제목 없음
2024-12-18 21:34:23,790 - INFO - 화이트리스트에 없는 논문 건너뜀: 제목 없음
2024-12-18 21:34:23,790 - INFO - 화이트리스트에 없는 논문 건너뜀: 제목 없음
2024-12-18 21:34:23,790 - INFO - 화이트리스트에 없는 논문 건너뜀: 제목 없음
2024-12-18 21:34:23,790 - INFO - PubMed 검색 시작: magnesium_translated BMI_translated
2024-12-18 21:34:24,650 - INFO - 화이트리스트에 없는 논문 건너뜀: 제목 없음
2024-12-18 21:34:24,650 - INFO - 화이트리스트에 없는 논문 건너뜀: 제목 없음
2024-12-18 21:34:24,651 - INFO - 화이트리스트에 없는 논문 건너뜀: 제목 없음
2024-12-18 21:34:24,651 - INFO - 화이트리스트에 없는 논문 건너뜀: 제목 없음
2024-12-18 21:34:24,651 - INFO - 화이트리스트에 없는 논문 건너뜀: 제목 없음
2024-12-18 21:34:24,651 - INFO - PubMed 검색 시작: magnesium_translated cholesterol_translated
2024-12-18 21:34:25,300 - INFO - 화이트리스트에 없는 논문 건너뜀: 제목 없음
2024-12-18 21:34:25,300 - INFO - 화이트리스트에 없는 논문 건너뜀: 제목 없음
2024-12-18 21:34:25,300 - INFO - 화이트리스트에 없는 논문 건너뜀: 제목 없음
2024-12-18 21:34:25,300 - INFO - 화이트리스트에 없는 논문 건너뜀: 제목 없음
2024-12-18 21:34:25,300 - INFO - 화이트리스트에 없는 논문 건너뜀: 제목 없음
2024-12-18 21:34:25,300 - INFO - PubMed 검색 시작: magnesium_translated gastric endoscopy_translated
2024-12-18 21:34:25,993 - INFO - 화이트리스트에 없는 논문 건너뜀: 제목 없음
2024-12-18 21:34:25,993 - INFO - PubMed 검색 시작: magnesium_translated colonoscopy polyps_translated
2024-12-18 21:34:29,651 - INFO - 화이트리스트에 없는 논문 건너뜀: 제목 없음
2024-12-18 21:34:29,651 - INFO - PubMed 검색 시작: magnesium_translated liver function test_translated
2024-12-18 21:34:30,036 - INFO - magnesium_translated liver function test_translated에 대한 PMID를 찾을 수 없습니다.
2024-12-18 21:34:30,036 - INFO - PubMed 검색 시작: magnesium_translated mammography_translated
2024-12-18 21:34:30,637 - INFO - 화이트리스트에 없는 논문 건너뜀: 제목 없음
2024-12-18 21:34:30,637 - INFO - PubMed 검색 시작: green tea extract_translated blood pressure_translated
2024-12-18 21:34:33,748 - INFO - 화이트리스트에 없는 논문 건너뜀: 제목 없음
2024-12-18 21:34:33,749 - INFO - 화이트리스트에 없는 논문 건너뜀: 제목 없음
2024-12-18 21:34:33,749 - INFO - 화이트리스트에 없는 논문 건너뜀: 제목 없음
2024-12-18 21:34:33,749 - INFO - 화이트리스트에 없는 논문 건너뜀: 제목 없음
2024-12-18 21:34:33,749 - INFO - 화이트리스트에 없는 논문 건너뜀: 제목 없음
2024-12-18 21:34:33,749 - INFO - PubMed 검색 시작: green tea extract_translated blood sugar_translated
2024-12-18 21:34:34,646 - INFO - 화이트리스트에 없는 논문 건너뜀: 제목 없음
2024-12-18 21:34:34,646 - INFO - 화이트리스트에 없는 논문 건너뜀: 제목 없음
2024-12-18 21:34:34,646 - INFO - 화이트리스트에 없는 논문 건너뜀: 제목 없음
2024-12-18 21:34:34,646 - INFO - 화이트리스트에 없는 논문 건너뜀: 제목 없음
2024-12-18 21:34:34,646 - INFO - 화이트리스트에 없는 논문 건너뜀: 제목 없음
2024-12-18 21:34:34,647 - INFO - PubMed 검색 시작: green tea extract_translated BMI_translated
2024-12-18 21:34:35,280 - INFO - 화이트리스트에 없는 논문 건너뜀: 제목 없음
2024-12-18 21:34:35,280 - INFO - 화이트리스트에 없는 논문 건너뜀: 제목 없음
2024-12-18 21:34:35,280 - INFO - PubMed 검색 시작: green tea extract_translated cholesterol_translated
2024-12-18 21:34:36,168 - INFO - 화이트리스트에 없는 논문 건너뜀: 제목 없음
2024-12-18 21:34:36,168 - INFO - 화이트리스트에 없는 논문 건너뜀: 제목 없음
2024-12-18 21:34:36,168 - INFO - 화이트리스트에 없는 논문 건너뜀: 제목 없음
2024-12-18 21:34:36,168 - INFO - 화이트리스트에 없는 논문 건너뜀: 제목 없음
2024-12-18 21:34:36,168 - INFO - 화이트리스트에 없는 논문 건너뜀: 제목 없음
2024-12-18 21:34:36,168 - INFO - PubMed 검색 시작: green tea extract_translated gastric endoscopy_translated
2024-12-18 21:34:36,524 - INFO - green tea extract_translated gastric endoscopy_translated에 대한 PMID를 찾을 수 없습니다.
2024-12-18 21:34:36,524 - INFO - PubMed 검색 시작: green tea extract_translated colonoscopy polyps_translated
2024-12-18 21:34:36,895 - INFO - green tea extract_translated colonoscopy polyps_translated에 대한 PMID를 찾을 수 없습니다.
2024-12-18 21:34:36,895 - INFO - PubMed 검색 시작: green tea extract_translated liver function test_translated
2024-12-18 21:34:37,574 - INFO - 화이트리스트에 없는 논문 건너뜀: 제목 없음
2024-12-18 21:34:37,575 - INFO - 화이트리스트에 없는 논문 건너뜀: 제목 없음
2024-12-18 21:34:37,575 - INFO - PubMed 검색 시작: green tea extract_translated mammography_translated
2024-12-18 21:34:37,924 - INFO - green tea extract_translated mammography_translated에 대한 PMID를 찾을 수 없습니다.
2024-12-18 21:34:37,925 - INFO - PubMed 검색 시작: banana leaf extract_translated blood pressure_translated
2024-12-18 21:34:38,292 - INFO - banana leaf extract_translated blood pressure_translated에 대한 PMID를 찾을 수 없습니다.
2024-12-18 21:34:38,292 - INFO - PubMed 검색 시작: banana leaf extract_translated blood sugar_translated
2024-12-18 21:34:41,109 - INFO - 화이트리스트에 없는 논문 건너뜀: 제목 없음
2024-12-18 21:34:41,110 - INFO - PubMed 검색 시작: banana leaf extract_translated BMI_translated
2024-12-18 21:34:41,530 - INFO - banana leaf extract_translated BMI_translated에 대한 PMID를 찾을 수 없습니다.
2024-12-18 21:34:41,531 - INFO - PubMed 검색 시작: banana leaf extract_translated cholesterol_translated
2024-12-18 21:34:41,902 - INFO - banana leaf extract_translated cholesterol_translated에 대한 PMID를 찾을 수 없습니다.
2024-12-18 21:34:41,902 - INFO - PubMed 검색 시작: banana leaf extract_translated gastric endoscopy_translated
2024-12-18 21:34:42,352 - INFO - banana leaf extract_translated gastric endoscopy_translated에 대한 PMID를 찾을 수 없습니다.
2024-12-18 21:34:42,352 - INFO - PubMed 검색 시작: banana leaf extract_translated colonoscopy polyps_translated
2024-12-18 21:34:42,726 - INFO - banana leaf extract_translated colonoscopy polyps_translated에 대한 PMID를 찾을 수 없습니다.
2024-12-18 21:34:42,726 - INFO - PubMed 검색 시작: banana leaf extract_translated liver function test_translated
2024-12-18 21:34:43,090 - INFO - banana leaf extract_translated liver function test_translated에 대한 PMID를 찾을 수 없습니다.
2024-12-18 21:34:43,090 - INFO - PubMed 검색 시작: banana leaf extract_translated mammography_translated
2024-12-18 21:34:43,462 - INFO - banana leaf extract_translated mammography_translated에 대한 PMID를 찾을 수 없습니다.
2024-12-18 21:34:43,462 - INFO - PubMed 검색 시작: milk thistle_translated blood pressure_translated
2024-12-18 21:34:45,409 - INFO - 화이트리스트에 없는 논문 건너뜀: 제목 없음
2024-12-18 21:34:45,409 - INFO - PubMed 검색 시작: milk thistle_translated blood sugar_translated
2024-12-18 21:34:45,967 - INFO - milk thistle_translated blood sugar_translated에 대한 PMID를 찾을 수 없습니다.
2024-12-18 21:34:45,967 - INFO - PubMed 검색 시작: milk thistle_translated BMI_translated
2024-12-18 21:34:46,336 - INFO - milk thistle_translated BMI_translated에 대한 PMID를 찾을 수 없습니다.
2024-12-18 21:34:46,336 - INFO - PubMed 검색 시작: milk thistle_translated cholesterol_translated
2024-12-18 21:34:46,988 - INFO - 화이트리스트에 없는 논문 건너뜀: 제목 없음
2024-12-18 21:34:46,988 - INFO - PubMed 검색 시작: milk thistle_translated gastric endoscopy_translated
2024-12-18 21:34:47,341 - INFO - milk thistle_translated gastric endoscopy_translated에 대한 PMID를 찾을 수 없습니다.
2024-12-18 21:34:47,341 - INFO - PubMed 검색 시작: milk thistle_translated colonoscopy polyps_translated
2024-12-18 21:34:47,684 - INFO - milk thistle_translated colonoscopy polyps_translated에 대한 PMID를 찾을 수 없습니다.
2024-12-18 21:34:47,684 - INFO - PubMed 검색 시작: milk thistle_translated liver function test_translated
2024-12-18 21:34:52,220 - INFO - milk thistle_translated liver function test_translated에 대한 PMID를 찾을 수 없습니다.
2024-12-18 21:34:52,220 - INFO - PubMed 검색 시작: milk thistle_translated mammography_translated
2024-12-18 21:34:52,806 - INFO - milk thistle_translated mammography_translated에 대한 PMID를 찾을 수 없습니다.
2024-12-18 21:34:52,806 - INFO - PubMed 검색 시작: red yeast rice_translated blood pressure_translated
2024-12-18 21:34:53,405 - INFO - 화이트리스트에 없는 논문 건너뜀: 제목 없음
2024-12-18 21:34:53,406 - INFO - PubMed 검색 시작: red yeast rice_translated blood sugar_translated
2024-12-18 21:34:54,586 - INFO - 화이트리스트에 없는 논문 건너뜀: 제목 없음
2024-12-18 21:34:54,586 - INFO - PubMed 검색 시작: red yeast rice_translated BMI_translated
2024-12-18 21:34:55,212 - INFO - 화이트리스트에 없는 논문 건너뜀: 제목 없음
2024-12-18 21:34:55,212 - INFO - PubMed 검색 시작: red yeast rice_translated cholesterol_translated
2024-12-18 21:34:58,411 - INFO - 화이트리스트에 없는 논문 건너뜀: 제목 없음
2024-12-18 21:34:58,411 - INFO - 화이트리스트에 없는 논문 건너뜀: 제목 없음
2024-12-18 21:34:58,411 - INFO - 화이트리스트에 없는 논문 건너뜀: 제목 없음
2024-12-18 21:34:58,411 - INFO - 화이트리스트에 없는 논문 건너뜀: 제목 없음
2024-12-18 21:34:58,411 - INFO - 화이트리스트에 없는 논문 건너뜀: 제목 없음
2024-12-18 21:34:58,411 - INFO - PubMed 검색 시작: red yeast rice_translated gastric endoscopy_translated
2024-12-18 21:34:58,780 - INFO - red yeast rice_translated gastric endoscopy_translated에 대한 PMID를 찾을 수 없습니다.
2024-12-18 21:34:58,780 - INFO - PubMed 검색 시작: red yeast rice_translated colonoscopy polyps_translated
2024-12-18 21:34:59,383 - INFO - red yeast rice_translated colonoscopy polyps_translated에 대한 PMID를 찾을 수 없습니다.
2024-12-18 21:34:59,383 - INFO - PubMed 검색 시작: red yeast rice_translated liver function test_translated
2024-12-18 21:34:59,985 - INFO - red yeast rice_translated liver function test_translated에 대한 PMID를 찾을 수 없습니다.
2024-12-18 21:34:59,985 - INFO - PubMed 검색 시작: red yeast rice_translated mammography_translated
2024-12-18 21:35:00,389 - INFO - red yeast rice_translated mammography_translated에 대한 PMID를 찾을 수 없습니다.
2024-12-18 21:35:00,389 - INFO - 모든 PubMed 데이터 업서트 완료.
